{"/Library/WebServer/Documents/projects/app/src/initialtest.js":{"path":"/Library/WebServer/Documents/projects/app/src/initialtest.js","s":{"1":1,"2":1,"3":1,"4":0,"5":1,"6":1},"b":{"1":[1,0],"2":[1,1]},"f":{"1":1,"2":0},"fnMap":{"1":{"name":"returnTrue","line":1,"loc":{"start":{"line":1,"column":0},"end":{"line":1,"column":22}}},"2":{"name":"poo","line":5,"loc":{"start":{"line":5,"column":0},"end":{"line":5,"column":15}}}},"statementMap":{"1":{"start":{"line":1,"column":0},"end":{"line":3,"column":1}},"2":{"start":{"line":2,"column":4},"end":{"line":2,"column":16}},"3":{"start":{"line":5,"column":0},"end":{"line":7,"column":1}},"4":{"start":{"line":6,"column":4},"end":{"line":6,"column":17}},"5":{"start":{"line":9,"column":0},"end":{"line":11,"column":1}},"6":{"start":{"line":10,"column":4},"end":{"line":10,"column":36}}},"branchMap":{"1":{"line":9,"type":"if","locations":[{"start":{"line":9,"column":0},"end":{"line":9,"column":0}},{"start":{"line":9,"column":0},"end":{"line":9,"column":0}}]},"2":{"line":9,"type":"binary-expr","locations":[{"start":{"line":9,"column":4},"end":{"line":9,"column":33}},{"start":{"line":9,"column":37},"end":{"line":9,"column":60}}]}}}}