{"/Library/WebServer/Documents/projects/app/src/initialtest.js":{"path":"/Library/WebServer/Documents/projects/app/src/initialtest.js","s":{"1":1,"2":1,"3":1,"4":1},"b":{"1":[1,0],"2":[1,1]},"f":{"1":1},"fnMap":{"1":{"name":"returnTrue","line":1,"loc":{"start":{"line":1,"column":0},"end":{"line":1,"column":22}}}},"statementMap":{"1":{"start":{"line":1,"column":0},"end":{"line":3,"column":1}},"2":{"start":{"line":2,"column":4},"end":{"line":2,"column":16}},"3":{"start":{"line":5,"column":0},"end":{"line":7,"column":1}},"4":{"start":{"line":6,"column":4},"end":{"line":6,"column":36}}},"branchMap":{"1":{"line":5,"type":"if","locations":[{"start":{"line":5,"column":0},"end":{"line":5,"column":0}},{"start":{"line":5,"column":0},"end":{"line":5,"column":0}}]},"2":{"line":5,"type":"binary-expr","locations":[{"start":{"line":5,"column":4},"end":{"line":5,"column":33}},{"start":{"line":5,"column":37},"end":{"line":5,"column":60}}]}}}}